生成启动时间为 2019/12/16 10:47:09。
     1>项目“D:\professional\visualstudio\code\datatransform\datatransform.vcxproj”在节点 2 上(rebuild 个目标)。
     1>InitializeBuildStatus:
         正在创建“debug\datatransform.unsuccessfulbuild”，因为已指定“AlwaysCreate”。
       CustomBuild:
         MOC DBThread.h
         MOC InfoHandleThread.h
         MOC ToolUtil.h
       ClCompile:
         D:\professional\visualstudio\directory\VC\bin\x86_amd64\CL.exe /c /ID:\Qt\4.8.4\include\QtCore /ID:\Qt\4.8.4\include\QtGui /ID:\Qt\4.8.4\include /I. /ID:\CPS_Project\CPS\include /ID:\CPS_Project\win7\include /ID:\CPS_Project\CPS\include\net /I"D:\Qt\4.8.4\mkspecs\win32-msvc2010" /ID:\Qt\4.8.4\include\ActiveQt /Idebug /ID:\Qt\4.8.4\include /I"..\..\..\..\Qt\4.8.4\mkspecs\win32-msvc2010" /Zi /nologo /W0 /WX- /Od /D WIN32_LEAN_AND_MEAN /D DEBUG /D _WINDOWS /D WIN32 /D QT_LARGEFILE_SUPPORT /D CPS_PROJECT20 /D _CRT_SECURE_NO_DEPRECATE /D _M_IX64 /D WIN32 /D QT_DLL /D QT_GUI_LIB /D QT_CORE_LIB /D QT_HAVE_MMX /D QT_HAVE_3DNOW /D QT_HAVE_SSE /D QT_HAVE_MMXEXT /D QT_HAVE_SSE2 /D QT_THREAD_SUPPORT /Gm- /EHsc /MDd /GS- /fp:precise /Zc:wchar_t- /Zc:forScope /GR /Fo"debug\\" /Fd".\vc100.pdb" /Gd /TP /errorReport:prompt DBThread.cpp IncrementCommit.cpp InfoHandleThread.cpp NotificationCallback.cpp ToolUtil.cpp datatransform.cpp main.cpp version.cpp debug\moc_DBThread.cpp debug\moc_InfoHandleThread.cpp debug\moc_ToolUtil.cpp -Zm200 
         DBThread.cpp
         IncrementCommit.cpp
         InfoHandleThread.cpp
         NotificationCallback.cpp
         ToolUtil.cpp
         datatransform.cpp
         main.cpp
         version.cpp
         moc_DBThread.cpp
         moc_InfoHandleThread.cpp
         moc_ToolUtil.cpp
         Generating Code...
       ResourceCompile:
         C:\Program Files (x86)\Microsoft SDKs\Windows\v7.0A\bin\rc.exe /D WIN32_LEAN_AND_MEAN /D DEBUG /D _WINDOWS /D WIN32 /D QT_LARGEFILE_SUPPORT /D CPS_PROJECT20 /D _CRT_SECURE_NO_DEPRECATE /D _M_IX64 /D WIN32 /D QT_DLL /D QT_GUI_LIB /D QT_CORE_LIB /D QT_HAVE_MMX /D QT_HAVE_3DNOW /D QT_HAVE_SSE /D QT_HAVE_MMXEXT /D QT_HAVE_SSE2 /D QT_THREAD_SUPPORT /D _DEBUG /l"0x0409" /nologo /fo"debug\datatransform.res" datatransform.rc 
       Link:
         D:\professional\visualstudio\directory\VC\bin\x86_amd64\link.exe /ERRORREPORT:PROMPT /OUT:"debug\\datatransform.exe" /INCREMENTAL:NO /NOLOGO /LIBPATH:D:\CPS_Project\win7\lib /LIBPATH:D:\CPS_Project\win7\thirdpartylib /LIBPATH:D:\Qt\4.8.4\lib D:\CPS_Project\win7\thirdpartylib\qtmaind.lib ACEd.lib libdatabased.lib libORMDatabased.lib libapplicationd.lib UserMSd.lib libtoleranced.lib liborm.lib log4cplus.lib libomsd.lib D:\CPS_Project\win7\thirdpartylib\QtGuid4.lib D:\CPS_Project\win7\thirdpartylib\QtCored4.lib kernel32.lib user32.lib gdi32.lib winspool.lib comdlg32.lib advapi32.lib shell32.lib ole32.lib oleaut32.lib uuid.lib odbc32.lib odbccp32.lib /MANIFEST /ManifestFile:"debug\datatransform.exe.intermediate.manifest" /MANIFESTUAC:"level='asInvoker' uiAccess='false'" /DEBUG /PDB:"D:\professional\visualstudio\code\datatransform\debug\datatransform.pdb" /SUBSYSTEM:WINDOWS /TLBID:1 /DYNAMICBASE /NXCOMPAT /MACHINE:X64 debug\datatransform.res
         debug\DBThread.obj
         debug\IncrementCommit.obj
         debug\InfoHandleThread.obj
         debug\NotificationCallback.obj
         debug\ToolUtil.obj
         debug\datatransform.obj
         debug\main.obj
         debug\version.obj
         debug\moc_DBThread.obj
         debug\moc_InfoHandleThread.obj
         debug\moc_ToolUtil.obj "/MANIFESTDEPENDENCY:type='win32' name='Microsoft.Windows.Common-Controls' version='6.0.0.0' publicKeyToken='6595b64144ccf1df' language='*' processorArchitecture='*'" 
     1>LINK : fatal error LNK1181: 无法打开输入文件“libdatabased.lib”
     1>已完成生成项目“D:\professional\visualstudio\code\datatransform\datatransform.vcxproj”(rebuild 个目标)的操作 - 失败。

生成失败。

已用时间 00:00:48.25
