D:\professional\visualstudio\code\datatransform\release\cl.command.1.tlog
D:\professional\visualstudio\code\datatransform\release\CL.read.1.tlog
D:\professional\visualstudio\code\datatransform\release\CL.write.1.tlog
D:\professional\visualstudio\code\datatransform\release\custombuild.command.1.tlog
D:\professional\visualstudio\code\datatransform\release\custombuild.read.1.tlog
D:\professional\visualstudio\code\datatransform\release\custombuild.write.1.tlog
D:\professional\visualstudio\code\datatransform\release\datatransform.exe
D:\professional\visualstudio\code\datatransform\release\datatransform.vcxprojResolveAssemblyReference.cache
D:\professional\visualstudio\code\datatransform\release\datatransform.write.1.tlog
D:\PROFESSIONAL\VISUALSTUDIO\CODE\DATATRANSFORM\RELEASE\DBTHREAD.OBJ
D:\PROFESSIONAL\VISUALSTUDIO\CODE\DATATRANSFORM\RELEASE\INCREMENTCOMMIT.OBJ
D:\PROFESSIONAL\VISUALSTUDIO\CODE\DATATRANSFORM\RELEASE\INFOHANDLETHREAD.OBJ
D:\PROFESSIONAL\VISUALSTUDIO\CODE\DATATRANSFORM\RELEASE\MAIN.OBJ
D:\PROFESSIONAL\VISUALSTUDIO\CODE\DATATRANSFORM\RELEASE\MOC_DATATRANSFORM.CPP
D:\PROFESSIONAL\VISUALSTUDIO\CODE\DATATRANSFORM\RELEASE\MOC_DATATRANSFORM.OBJ
D:\PROFESSIONAL\VISUALSTUDIO\CODE\DATATRANSFORM\RELEASE\MOC_DBTHREAD.CPP
D:\PROFESSIONAL\VISUALSTUDIO\CODE\DATATRANSFORM\RELEASE\MOC_DBTHREAD.OBJ
D:\PROFESSIONAL\VISUALSTUDIO\CODE\DATATRANSFORM\RELEASE\MOC_INFOHANDLETHREAD.CPP
D:\PROFESSIONAL\VISUALSTUDIO\CODE\DATATRANSFORM\RELEASE\MOC_INFOHANDLETHREAD.OBJ
D:\PROFESSIONAL\VISUALSTUDIO\CODE\DATATRANSFORM\RELEASE\MOC_TOOLUTIL.CPP
D:\PROFESSIONAL\VISUALSTUDIO\CODE\DATATRANSFORM\RELEASE\MOC_TOOLUTIL.OBJ
D:\PROFESSIONAL\VISUALSTUDIO\CODE\DATATRANSFORM\RELEASE\NOTIFICATIONCALLBACK.OBJ
D:\PROFESSIONAL\VISUALSTUDIO\CODE\DATATRANSFORM\RELEASE\TOOLUTIL.OBJ
D:\PROFESSIONAL\VISUALSTUDIO\CODE\DATATRANSFORM\RELEASE\VERSION.OBJ
