D:\professional\visualstudio\code\hisrecord\release\cl.command.1.tlog
D:\professional\visualstudio\code\hisrecord\release\CL.read.1.tlog
D:\professional\visualstudio\code\hisrecord\release\CL.write.1.tlog
D:\professional\visualstudio\code\hisrecord\release\custombuild.command.1.tlog
D:\professional\visualstudio\code\hisrecord\release\custombuild.read.1.tlog
D:\professional\visualstudio\code\hisrecord\release\custombuild.write.1.tlog
D:\PROFESSIONAL\VISUALSTUDIO\CODE\HISRECORD\RELEASE\DBTHREAD.OBJ
D:\PROFESSIONAL\VISUALSTUDIO\CODE\HISRECORD\RELEASE\HISRECORD.EXE
D:\PROFESSIONAL\VISUALSTUDIO\CODE\HISRECORD\RELEASE\HISRECORD.EXE.INTERMEDIATE.MANIFEST
D:\PROFESSIONAL\VISUALSTUDIO\CODE\HISRECORD\RELEASE\HISRECORD.OBJ
D:\PROFESSIONAL\VISUALSTUDIO\CODE\HISRECORD\RELEASE\HISRECORD.PDB
D:\PROFESSIONAL\VISUALSTUDIO\CODE\HISRECORD\RELEASE\HISRECORD.RES
D:\professional\visualstudio\code\hisrecord\release\hisrecord.write.1.tlog
D:\PROFESSIONAL\VISUALSTUDIO\CODE\HISRECORD\RELEASE\INCREMENTCOMMIT.OBJ
D:\PROFESSIONAL\VISUALSTUDIO\CODE\HISRECORD\RELEASE\INFOHANDLETHREAD.OBJ
D:\professional\visualstudio\code\hisrecord\release\link.command.1.tlog
D:\professional\visualstudio\code\hisrecord\release\link.read.1.tlog
D:\professional\visualstudio\code\hisrecord\release\link.write.1.tlog
D:\professional\visualstudio\code\hisrecord\release\link-cvtres.read.1.tlog
D:\professional\visualstudio\code\hisrecord\release\link-cvtres.write.1.tlog
D:\PROFESSIONAL\VISUALSTUDIO\CODE\HISRECORD\RELEASE\MAIN.OBJ
D:\PROFESSIONAL\VISUALSTUDIO\CODE\HISRECORD\RELEASE\MOC_DBTHREAD.CPP
D:\PROFESSIONAL\VISUALSTUDIO\CODE\HISRECORD\RELEASE\MOC_DBTHREAD.OBJ
D:\PROFESSIONAL\VISUALSTUDIO\CODE\HISRECORD\RELEASE\MOC_INFOHANDLETHREAD.CPP
D:\PROFESSIONAL\VISUALSTUDIO\CODE\HISRECORD\RELEASE\MOC_INFOHANDLETHREAD.OBJ
D:\PROFESSIONAL\VISUALSTUDIO\CODE\HISRECORD\RELEASE\MOC_TOOLUTIL.CPP
D:\PROFESSIONAL\VISUALSTUDIO\CODE\HISRECORD\RELEASE\MOC_TOOLUTIL.OBJ
D:\professional\visualstudio\code\hisrecord\release\mt.command.1.tlog
D:\professional\visualstudio\code\hisrecord\release\mt.read.1.tlog
D:\professional\visualstudio\code\hisrecord\release\mt.write.1.tlog
D:\PROFESSIONAL\VISUALSTUDIO\CODE\HISRECORD\RELEASE\NOTIFICATIONCALLBACK.OBJ
D:\professional\visualstudio\code\hisrecord\release\rc.command.1.tlog
D:\professional\visualstudio\code\hisrecord\release\rc.read.1.tlog
D:\professional\visualstudio\code\hisrecord\release\rc.write.1.tlog
D:\PROFESSIONAL\VISUALSTUDIO\CODE\HISRECORD\RELEASE\TOOLUTIL.OBJ
D:\PROFESSIONAL\VISUALSTUDIO\CODE\HISRECORD\RELEASE\VERSION.OBJ
D:\PROFESSIONAL\VISUALSTUDIO\CODE\HISRECORD\VC100.PDB
release\hisrecord.pdb
